#-----------------------------------------------------------
# Vivado v2018.2 (64-bit)
# SW Build 2258646 on Thu Jun 14 20:03:12 MDT 2018
# IP Build 2256618 on Thu Jun 14 22:10:49 MDT 2018
# Start of session at: Wed Jul 12 21:48:43 2023
# Process ID: 16540
# Current directory: D:/HCMUT-K22/HDL/All_in_BLT
# Command line: vivado.exe -gui_launcher_event rodinguilauncherevent5124 D:\HCMUT-K22\HDL\All_in_BLT\All_in_BLT.xpr
# Log file: D:/HCMUT-K22/HDL/All_in_BLT/vivado.log
# Journal file: D:/HCMUT-K22/HDL/All_in_BLT\vivado.jou
#-----------------------------------------------------------
start_gui
open_project D:/HCMUT-K22/HDL/All_in_BLT/All_in_BLT.xpr
INFO: [Project 1-313] Project file moved from 'C:/Users/Admin/All_in_BLT' since last save.
Scanning sources...
Finished scanning sources
CRITICAL WARNING: [Board 49-67] The board_part definition was not found for digilentinc.com:arty-z7-20:part0:1.1. This can happen sometimes when you use custom board part. You can resolve this issue by setting 'board.repoPaths' parameter, pointing to the location of custom board files. Valid board_part values can be retrieved with the 'get_board_parts' Tcl command.
WARNING: [Project 1-231] Project 'All_in_BLT.xpr' was created with a future version and may or may not perform reliably with this version of Vivado. It has been opened in read-only mode for the protection of unrecognized data. Use 'File | Save Project As...' if you wish to alter a copy of the project.
INFO: [IP_Flow 19-234] Refreshing IP repositories
INFO: [IP_Flow 19-1704] No user IP repositories specified
INFO: [IP_Flow 19-2313] Loaded Vivado IP repository 'D:/Vivado/2018.2/data/ip'.
update_compile_order -fileset sources_1
exit
INFO: [Common 17-206] Exiting Vivado at Wed Jul 12 21:53:50 2023...
